<?xml version="1.0" encoding="UTF-8"?>
<!-- Generated by org.testng.reporters.JUnitReportReporter -->
<testsuite hostname="ICWS-1162" name="com.cfs.index.LoginIndex" tests="2" failures="0" timestamp="15 Feb 2017 06:02:05 GMT" time="83.396" errors="0">
  <testcase name="loginSuccessful" time="38.295" classname="com.cfs.index.LoginIndex"/>
  <testcase name="logoutSuccessful" time="45.101" classname="com.cfs.index.LoginIndex"/>
</testsuite> <!-- com.cfs.index.LoginIndex -->
